  dummy.cpp
  helpbest.cpp
  htmllbox.cpp
  helpctrl.cpp
  helpdata.cpp
  helpdlg.cpp
  helpfrm.cpp
  helpwnd.cpp
  htmlcell.cpp
  htmlfilt.cpp
  htmlpars.cpp
  htmltag.cpp
  htmlwin.cpp
  htmprint.cpp
  m_dflist.cpp
  m_fonts.cpp
  m_hline.cpp
  m_image.cpp
  m_layout.cpp
  m_links.cpp
  m_list.cpp
  m_pre.cpp
  m_span.cpp
  m_style.cpp
  m_tables.cpp
  styleparams.cpp
  winpars.cpp
  chm.cpp
     Creating library ..\..\lib\vc_dll\wxmsw31ud_html.lib and object ..\..\lib\vc_dll\wxmsw31ud_html.exp
  wx_html.vcxproj -> C:\wxWidgets-3.0.5\lib\vc_dll\wxmsw315ud_html_vc_custom.dll
