  adler32.c
  compress.c
  crc32.c
  deflate.c
  gzclose.c
  gzlib.c
  gzread.c
  gzwrite.c
  infback.c
  inffast.c
  inflate.c
  inftrees.c
  trees.c
C:\wxWidgets-3.0.5\src\zlib\gzread.c(319,17): warning C4267: '=': conversion from 'size_t' to 'unsigned int', possible loss of data
C:\wxWidgets-3.0.5\src\zlib\gzread.c(400,18): warning C4267: '=': conversion from 'size_t' to 'unsigned int', possible loss of data
C:\wxWidgets-3.0.5\src\zlib\gzwrite.c(212,24): warning C4267: '=': conversion from 'size_t' to 'unsigned int', possible loss of data
C:\wxWidgets-3.0.5\src\zlib\gzread.c(472,18): warning C4267: '=': conversion from 'size_t' to 'int', possible loss of data
C:\wxWidgets-3.0.5\src\zlib\gzwrite.c(232,21): warning C4267: '=': conversion from 'size_t' to 'unsigned int', possible loss of data
C:\wxWidgets-3.0.5\src\zlib\gzwrite.c(371,19): warning C4267: '=': conversion from 'size_t' to 'int', possible loss of data
  uncompr.c
  zutil.c
  wx_wxzlib.vcxproj -> C:\wxWidgets-3.0.5\lib\vc_x64_lib\wxzlib.lib
